Сборка начата 12.12.2024 14:53:39.
Уровень детализации журнала: Normal.     1>Проект "D:\d\уник\3 сем\кпо\KPO_3_sem-main\KPO_3_sem-main\4\SE_asm2\SE_asm2\SE_asm2.vcxproj" в узле 2 (целевые объекты Build).
     1>InitializeBuildStatus:
         Обращение к "x64\Debug\SE_asm2.tlog\unsuccessfulbuild".
       _MASM:
         Assembling asm.asm...
         cmd.exe /C "C:\Users\user\AppData\Local\Temp\tmp973e847df2344614bbbab4fb7433bb5c.cmd"
         ml64.exe /c /nologo /Zi /Fo"x64\Debug\asm.obj" /W3 /errorReport:prompt  /Taasm.asm
     1>asm.asm(1): error A2008: syntax error : .
     1>asm.asm(2): error A2008: syntax error : .
     1>asm.asm(8): error A2008: syntax error : .
     1>asm.asm(28): error A2008: syntax error : MessageBoxA
     1>asm.asm(34): error A2008: syntax error : main
     1>asm.asm(34): error A2088: END directive required at end of file
     1>C:\Program Files\Microsoft Visual Studio\2022\Community\MSBuild\Microsoft\VC\v170\BuildCustomizations\masm.targets(70,5): error MSB3721: выход из команды "ml64.exe /c /nologo /Zi /Fo"x64\Debug\asm.obj" /W3 /errorReport:prompt  /Taasm.asm" с кодом "1".
     1>Сборка проекта "D:\d\уник\3 сем\кпо\KPO_3_sem-main\KPO_3_sem-main\4\SE_asm2\SE_asm2\SE_asm2.vcxproj" завершена (целевые объекты Build) с ошибкой.

Ошибка сборки.

       "D:\d\уник\3 сем\кпо\KPO_3_sem-main\KPO_3_sem-main\4\SE_asm2\SE_asm2\SE_asm2.vcxproj" (целевой объект Build ) (1) ->
       (Целевой объект _MASM) -> 
         asm.asm(1): error A2008: syntax error : .
         asm.asm(2): error A2008: syntax error : .
         asm.asm(8): error A2008: syntax error : .
         asm.asm(28): error A2008: syntax error : MessageBoxA
         asm.asm(34): error A2008: syntax error : main
         asm.asm(34): error A2088: END directive required at end of file
         C:\Program Files\Microsoft Visual Studio\2022\Community\MSBuild\Microsoft\VC\v170\BuildCustomizations\masm.targets(70,5): error MSB3721: выход из команды "ml64.exe /c /nologo /Zi /Fo"x64\Debug\asm.obj" /W3 /errorReport:prompt  /Taasm.asm" с кодом "1".

    Предупреждений: 0
    Ошибок: 7

Прошло времени 00:00:00.43
