Сборка начата 28.11.2024 0:02:15.
Уровень детализации журнала: Normal.     1>Проект "D:\d\уник\3 сем\кпо\асм1\asm01\asm01.vcxproj" в узле 2 (целевые объекты Build).
     1>InitializeBuildStatus:
         Обращение к "x64\Debug\asm01.tlog\unsuccessfulbuild".
       _MASM:
         Assembling LP_asm.asm...
         cmd.exe /C "C:\Users\user\AppData\Local\Temp\tmp36ed43693b9e486aa4a67d6ba2d67fd3.cmd"
         ml64.exe /c /nologo /Zi /Fo"x64\Debug\LP_asm.obj" /Fl"x64\Debug\\" /W3 /errorReport:prompt  /TaLP_asm.asm
     1>LP_asm.asm(1): error A2008: syntax error : .
     1>LP_asm.asm(2): error A2008: syntax error : .
     1>LP_asm.asm(8): error A2008: syntax error : .
     1>LP_asm.asm(23): error A2070: invalid instruction operands
     1>LP_asm.asm(24): error A2070: invalid instruction operands
     1>LP_asm.asm(25): error A2070: invalid instruction operands
     1>LP_asm.asm(32): error A2008: syntax error : main
     1>LP_asm.asm(32): error A2088: END directive required at end of file
     1>C:\Program Files\Microsoft Visual Studio\2022\Community\MSBuild\Microsoft\VC\v170\BuildCustomizations\masm.targets(70,5): error MSB3721: выход из команды "ml64.exe /c /nologo /Zi /Fo"x64\Debug\LP_asm.obj" /Fl"x64\Debug\\" /W3 /errorReport:prompt  /TaLP_asm.asm" с кодом "1".
     1>Сборка проекта "D:\d\уник\3 сем\кпо\асм1\asm01\asm01.vcxproj" завершена (целевые объекты Build) с ошибкой.

Ошибка сборки.

       "D:\d\уник\3 сем\кпо\асм1\asm01\asm01.vcxproj" (целевой объект Build ) (1) ->
       (Целевой объект _MASM) -> 
         LP_asm.asm(1): error A2008: syntax error : .
         LP_asm.asm(2): error A2008: syntax error : .
         LP_asm.asm(8): error A2008: syntax error : .
         LP_asm.asm(23): error A2070: invalid instruction operands
         LP_asm.asm(24): error A2070: invalid instruction operands
         LP_asm.asm(25): error A2070: invalid instruction operands
         LP_asm.asm(32): error A2008: syntax error : main
         LP_asm.asm(32): error A2088: END directive required at end of file
         C:\Program Files\Microsoft Visual Studio\2022\Community\MSBuild\Microsoft\VC\v170\BuildCustomizations\masm.targets(70,5): error MSB3721: выход из команды "ml64.exe /c /nologo /Zi /Fo"x64\Debug\LP_asm.obj" /Fl"x64\Debug\\" /W3 /errorReport:prompt  /TaLP_asm.asm" с кодом "1".

    Предупреждений: 0
    Ошибок: 9

Прошло времени 00:00:00.63
